<?xml version="1.0" encoding="UTF-8"?>
<!-- Generated by org.testng.reporters.JUnitReportReporter -->
<testsuite hostname="DESKTOP-NRGQ5R0" failures="0" tests="1" name="stepDefination.SecondCommit" time="0.067" errors="0" timestamp="2025-02-04T22:35:50 IST" skipped="0">
  <testcase classname="stepDefination.SecondCommit" name="m1" time="0.067"/>
</testsuite> <!-- stepDefination.SecondCommit -->
